<?xml version="1.0" encoding="UTF-8"?>
<!-- Generated by org.testng.reporters.JUnitReportReporter -->
<testsuite skipped="0" hostname="nb-noh" name="TestNGDemo.learning" tests="1" failures="0" timestamp="22 Jan 2020 10:07:56 GMT" time="0.010" errors="0">
  <testcase name="Demo" time="0.010" classname="TestNGDemo.learning"/>
</testsuite> <!-- TestNGDemo.learning -->
