<?xml version="1.0" encoding="UTF-8"?>
<!-- Generated by org.testng.reporters.JUnitReportReporter -->
<testsuite skipped="0" hostname="nb-noh" name="TestNGDemo.learning" tests="1" failures="0" timestamp="27 Feb 2020 11:53:59 GMT" time="0.247" errors="0">
  <testcase name="Demo" time="0.247" classname="TestNGDemo.learning"/>
</testsuite> <!-- TestNGDemo.learning -->
