<?xml version="1.0" encoding="UTF-8"?>
<!-- Generated by org.testng.reporters.JUnitReportReporter -->
<testsuite skipped="0" hostname="nb-noh" name="TestNGDemo.learning1" tests="1" failures="0" timestamp="22 Jan 2020 10:07:56 GMT" time="0.001" errors="0">
  <testcase name="Second" time="0.001" classname="TestNGDemo.learning1"/>
</testsuite> <!-- TestNGDemo.learning1 -->
