<?xml version="1.0" encoding="UTF-8"?>
<!-- Generated by org.testng.reporters.JUnitReportReporter -->
<testsuite hostname="nb-noh" failures="0" tests="2" name="ValidateCart" time="38.364" errors="0" timestamp="2022-08-22T19:35:22 PKT" skipped="0">
  <testcase classname="ValidateCart" name="womenCategories" time="26.574"/>
  <system-out/>
  <testcase classname="ValidateCart" name="menCategories" time="11.790"/>
  <system-out/>
</testsuite> <!-- ValidateCart -->
