<?xml version="1.0" encoding="UTF-8"?>
<!-- Generated by org.testng.reporters.JUnitReportReporter -->
<testsuite hostname="nb-noh" failures="0" tests="1" name="ValidateShoppingBag" time="5.318" errors="0" timestamp="2022-08-22T19:35:22 PKT" skipped="0">
  <testcase classname="ValidateShoppingBag" name="goToShopping" time="5.318"/>
  <system-out/>
</testsuite> <!-- ValidateShoppingBag -->
