<?xml version="1.0" encoding="UTF-8"?>
<!-- Generated by org.testng.reporters.JUnitReportReporter -->
<testsuite hostname="nb-noh" failures="0" tests="2" name="ValidateCart" time="28.456" errors="0" timestamp="2022-08-22T20:19:55 PKT" skipped="0">
  <testcase classname="ValidateCart" name="womenCategories" time="14.166"/>
  <system-out/>
  <testcase classname="ValidateCart" name="menCategories" time="14.290"/>
  <system-out/>
</testsuite> <!-- ValidateCart -->
