<?xml version="1.0" encoding="UTF-8"?>
<!-- Generated by org.testng.reporters.JUnitReportReporter -->
<testsuite hostname="nb-noh" failures="0" tests="1" name="ValidateRemoveCart" time="2.225" errors="0" timestamp="2022-08-22T20:19:55 PKT" skipped="0">
  <testcase classname="ValidateRemoveCart" name="removeCart" time="2.225"/>
  <system-out/>
</testsuite> <!-- ValidateRemoveCart -->
